<?xml version="1.0" encoding="UTF-8"?>
<!-- Generated by org.testng.reporters.JUnitReportReporter -->
<testsuite hostname="ATMECSINLT-028" failures="0" tests="2" name="com.atmecs.konakart.script.Searches" time="0.000" errors="0" timestamp="2019-10-07T08:16:13 GMT-07:00" skipped="2">
  <testcase classname="com.atmecs.konakart.script.Searches" name="positiveSearches" time="0.000">
    <skipped/>
  </testcase> <!-- positiveSearches -->
  <testcase classname="com.atmecs.konakart.script.Searches" name="negativetiveSearches" time="0.000">
    <skipped/>
  </testcase> <!-- negativetiveSearches -->
</testsuite> <!-- com.atmecs.konakart.script.Searches -->
