<?xml version="1.0" encoding="UTF-8"?>
<!-- Generated by org.testng.reporters.JUnitReportReporter -->
<testsuite hostname="ATMECSINLT-028" failures="0" tests="4" name="com.atmecs.konakart.script.ProductValidation" time="5.792" errors="0" timestamp="2019-10-09T20:13:40 IST" skipped="0">
  <testcase classname="com.atmecs.konakart.script.ProductValidation" name="contentCorrectness" time="5.323"/>
  <testcase classname="com.atmecs.konakart.script.ProductValidation" name="contentCorrectness" time="0.283"/>
  <testcase classname="com.atmecs.konakart.script.ProductValidation" name="contentCorrectness" time="0.182"/>
  <testcase classname="com.atmecs.konakart.script.ProductValidation" name="customerReview" time="0.004"/>
</testsuite> <!-- com.atmecs.konakart.script.ProductValidation -->
